<?xml version="1.0" encoding="UTF-8"?>
<!-- Generated by org.testng.reporters.JUnitReportReporter -->
<testsuite hostname="DESKTOP-SQ66SIK" failures="0" tests="6" name="org.ict.cuscript.TestClassCu" time="14.400" errors="0" timestamp="2023-10-06T11:32:36 IST" skipped="0">
  <testcase classname="org.ict.cuscript.TestClassCu" name="verifyPageRedirection" time="0.022"/>
  <system-out/>
  <testcase classname="org.ict.cuscript.TestClassCu" name="verifyValidSignup" time="3.160"/>
  <system-out/>
  <testcase classname="org.ict.cuscript.TestClassCu" name="verifyValidLogin" time="1.816"/>
  <system-out/>
  <testcase classname="org.ict.cuscript.TestClassCu" name="verifyMycurriculum" time="3.852"/>
  <system-out/>
  <testcase classname="org.ict.cuscript.TestClassCu" name="verifySearch" time="4.484"/>
  <system-out/>
  <testcase classname="org.ict.cuscript.TestClassCu" name="verifySignout" time="1.066"/>
  <system-out/>
</testsuite> <!-- org.ict.cuscript.TestClassCu -->
